<?xml version="1.0" encoding="UTF-8"?>
<!-- Generated by org.testng.reporters.JUnitReportReporter -->
<testsuite skipped="0" hostname="Sachins-MacBook-Air.local" name="co.qa.test.RegisterTest" tests="1" failures="0" timestamp="18 Oct 2018 08:38:55 GMT" time="19.365" errors="0">
  <testcase name="registerTest" time="19.365" classname="co.qa.test.RegisterTest"/>
</testsuite> <!-- co.qa.test.RegisterTest -->
